Namespace(no_progress_bar=False, log_interval=100, log_format=None, log_file=None, aim_repo=None, aim_run_hash=None, tensorboard_logdir=None, wandb_project=None, azureml_logging=False, seed=1, cpu=False, tpu=False, bf16=False, memory_efficient_bf16=False, fp16=False, memory_efficient_fp16=False, fp16_no_flatten_grads=False, fp16_init_scale=128, fp16_scale_window=None, fp16_scale_tolerance=0.0, on_cpu_convert_precision=False, min_loss_scale=0.0001, threshold_loss_scale=None, amp=False, amp_batch_retries=2, amp_init_scale=128, amp_scale_window=None, user_dir=None, empty_cache_freq=0, all_gather_list_size=16384, model_parallel_size=1, quantization_config_path=None, profile=False, reset_logging=False, suppress_crashes=False, use_plasma_view=False, plasma_path='/tmp/plasma', criterion='cross_entropy', tokenizer=None, bpe=None, optimizer=None, lr_scheduler='fixed', scoring='bleu', task='translation', source_lang='p', target_lang='p', trainpref='/home/u1190303311/mix-phoneme-bert-main/data/bpe/train', validpref='/home/u1190303311/mix-phoneme-bert-main/data/bpe/valid', testpref='/home/u1190303311/mix-phoneme-bert-main/data/bpe/test', align_suffix=None, destdir='/home/u1190303311/mix-phoneme-bert-main/data/bpe/bin', thresholdtgt=0, thresholdsrc=0, tgtdict=None, srcdict='/home/u1190303311/mix-phoneme-bert-main/data/bpe/dict_p.txt', nwordstgt=-1, nwordssrc=-1, alignfile=None, dataset_impl='mmap', joined_dictionary=False, only_source=True, padding_factor=8, workers=20, dict_only=False, append_eos=False)
[p] Dictionary: 207 types
[p] /home/u1190303311/mix-phoneme-bert-main/data/bpe/train.p: 8000 sents, 171898 tokens, 0.0% replaced (by <unk>)
[p] Dictionary: 207 types
[p] /home/u1190303311/mix-phoneme-bert-main/data/bpe/valid.p: 1000 sents, 20837 tokens, 0.0% replaced (by <unk>)
[p] Dictionary: 207 types
[p] /home/u1190303311/mix-phoneme-bert-main/data/bpe/test.p: 1000 sents, 21400 tokens, 0.0% replaced (by <unk>)
Wrote preprocessed data to /home/u1190303311/mix-phoneme-bert-main/data/bpe/bin
Namespace(no_progress_bar=False, log_interval=100, log_format=None, log_file=None, aim_repo=None, aim_run_hash=None, tensorboard_logdir=None, wandb_project=None, azureml_logging=False, seed=1, cpu=False, tpu=False, bf16=False, memory_efficient_bf16=False, fp16=False, memory_efficient_fp16=False, fp16_no_flatten_grads=False, fp16_init_scale=128, fp16_scale_window=None, fp16_scale_tolerance=0.0, on_cpu_convert_precision=False, min_loss_scale=0.0001, threshold_loss_scale=None, amp=False, amp_batch_retries=2, amp_init_scale=128, amp_scale_window=None, user_dir=None, empty_cache_freq=0, all_gather_list_size=16384, model_parallel_size=1, quantization_config_path=None, profile=False, reset_logging=False, suppress_crashes=False, use_plasma_view=False, plasma_path='/tmp/plasma', criterion='cross_entropy', tokenizer=None, bpe=None, optimizer=None, lr_scheduler='fixed', scoring='bleu', task='translation', source_lang='sp', target_lang='sp', trainpref='/home/u1190303311/mix-phoneme-bert-main/data/bpe/train', validpref='/home/u1190303311/mix-phoneme-bert-main/data/bpe/valid', testpref='/home/u1190303311/mix-phoneme-bert-main/data/bpe/test', align_suffix=None, destdir='/home/u1190303311/mix-phoneme-bert-main/data/bpe/bin', thresholdtgt=0, thresholdsrc=0, tgtdict=None, srcdict='/home/u1190303311/mix-phoneme-bert-main/data/bpe/dict_sp.txt', nwordstgt=-1, nwordssrc=-1, alignfile=None, dataset_impl='mmap', joined_dictionary=False, only_source=True, padding_factor=8, workers=20, dict_only=False, append_eos=False)
[sp] Dictionary: 917 types
[sp] /home/u1190303311/mix-phoneme-bert-main/data/bpe/train.sp: 8000 sents, 171898 tokens, 0.0% replaced (by <unk>)
[sp] Dictionary: 917 types
[sp] /home/u1190303311/mix-phoneme-bert-main/data/bpe/valid.sp: 1000 sents, 20837 tokens, 0.0% replaced (by <unk>)
[sp] Dictionary: 917 types
[sp] /home/u1190303311/mix-phoneme-bert-main/data/bpe/test.sp: 1000 sents, 21400 tokens, 0.0% replaced (by <unk>)
Wrote preprocessed data to /home/u1190303311/mix-phoneme-bert-main/data/bpe/bin
Namespace(no_progress_bar=False, log_interval=100, log_format=None, log_file=None, aim_repo=None, aim_run_hash=None, tensorboard_logdir=None, wandb_project=None, azureml_logging=False, seed=1, cpu=False, tpu=False, bf16=False, memory_efficient_bf16=False, fp16=False, memory_efficient_fp16=False, fp16_no_flatten_grads=False, fp16_init_scale=128, fp16_scale_window=None, fp16_scale_tolerance=0.0, on_cpu_convert_precision=False, min_loss_scale=0.0001, threshold_loss_scale=None, amp=False, amp_batch_retries=2, amp_init_scale=128, amp_scale_window=None, user_dir=None, empty_cache_freq=0, all_gather_list_size=16384, model_parallel_size=1, quantization_config_path=None, profile=False, reset_logging=False, suppress_crashes=False, use_plasma_view=False, plasma_path='/tmp/plasma', criterion='cross_entropy', tokenizer=None, bpe=None, optimizer=None, lr_scheduler='fixed', scoring='bleu', task='translation', source_lang='wwm', target_lang='wwm', trainpref='/home/u1190303311/mix-phoneme-bert-main/data/bpe/train', validpref='/home/u1190303311/mix-phoneme-bert-main/data/bpe/valid', testpref='/home/u1190303311/mix-phoneme-bert-main/data/bpe/test', align_suffix=None, destdir='/home/u1190303311/mix-phoneme-bert-main/data/bpe/bin', thresholdtgt=0, thresholdsrc=0, tgtdict=None, srcdict='/home/u1190303311/mix-phoneme-bert-main/data/bpe/dict_mask.txt', nwordstgt=-1, nwordssrc=-1, alignfile=None, dataset_impl='mmap', joined_dictionary=False, only_source=True, padding_factor=8, workers=20, dict_only=False, append_eos=False)
[wwm] Dictionary: 6 types
[wwm] /home/u1190303311/mix-phoneme-bert-main/data/bpe/train.wwm: 8000 sents, 173430 tokens, 0.0% replaced (by <unk>)
[wwm] Dictionary: 6 types
[wwm] /home/u1190303311/mix-phoneme-bert-main/data/bpe/valid.wwm: 1000 sents, 21056 tokens, 0.0% replaced (by <unk>)
[wwm] Dictionary: 6 types
[wwm] /home/u1190303311/mix-phoneme-bert-main/data/bpe/test.wwm: 1000 sents, 21597 tokens, 0.0% replaced (by <unk>)
Wrote preprocessed data to /home/u1190303311/mix-phoneme-bert-main/data/bpe/bin
